<?xml version="1.0" encoding="UTF-8"?>
<testng-results skipped="0" failed="0" total="2" passed="2">
  <reporter-output>
  </reporter-output>
  <suite name="test.TestRunner" duration-ms="107711" started-at="2020-07-17T13:50:33Z" finished-at="2020-07-17T13:52:21Z">
    <groups>
      <group name="cucumber">
        <method signature="TestRunner.feature(cucumber.api.testng.CucumberFeatureWrapper)[pri:0, instance:test.TestRunner@1c8bb919]" name="feature" class="test.TestRunner"/>
      </group> <!-- cucumber -->
    </groups>
    <test name="Command line test" duration-ms="107711" started-at="2020-07-17T13:50:33Z" finished-at="2020-07-17T13:52:21Z">
      <class name="test.TestRunner">
        <test-method status="PASS" signature="setUpClass()[pri:0, instance:test.TestRunner@1c8bb919]" name="setUpClass" is-config="true" duration-ms="733" started-at="2020-07-17T19:20:33Z" finished-at="2020-07-17T19:20:34Z">
          <reporter-output>
          </reporter-output>
        </test-method> <!-- setUpClass -->
        <test-method status="PASS" signature="feature(cucumber.api.testng.CucumberFeatureWrapper)[pri:0, instance:test.TestRunner@1c8bb919]" name="feature" duration-ms="55988" started-at="2020-07-17T19:20:34Z" description="Runs Cucumber Feature" data-provider="features" finished-at="2020-07-17T19:21:30Z">
          <params>
            <param index="0">
              <value>
                <![CDATA[This feature is to automate the elearning page]]>
              </value>
            </param>
          </params>
          <reporter-output>
          </reporter-output>
        </test-method> <!-- feature -->
        <test-method status="PASS" signature="feature(cucumber.api.testng.CucumberFeatureWrapper)[pri:0, instance:test.TestRunner@1c8bb919]" name="feature" duration-ms="50214" started-at="2020-07-17T19:21:30Z" description="Runs Cucumber Feature" data-provider="features" finished-at="2020-07-17T19:22:20Z">
          <params>
            <param index="0">
              <value>
                <![CDATA[This feature is to automate the elearning page]]>
              </value>
            </param>
          </params>
          <reporter-output>
          </reporter-output>
        </test-method> <!-- feature -->
        <test-method status="PASS" signature="tearDownClass()[pri:0, instance:test.TestRunner@1c8bb919]" name="tearDownClass" is-config="true" duration-ms="643" started-at="2020-07-17T19:22:20Z" finished-at="2020-07-17T19:22:21Z">
          <reporter-output>
          </reporter-output>
        </test-method> <!-- tearDownClass -->
      </class> <!-- test.TestRunner -->
    </test> <!-- Command line test -->
  </suite> <!-- test.TestRunner -->
</testng-results>
