<?xml version="1.0" encoding="UTF-8"?>
<testng-results skipped="0" failed="0" total="2" passed="2">
  <reporter-output>
  </reporter-output>
  <suite name="Default suite" duration-ms="68647" started-at="2020-07-19T16:51:15Z" finished-at="2020-07-19T16:52:23Z">
    <groups>
      <group name="cucumber">
        <method signature="TestRunner.feature(cucumber.api.testng.CucumberFeatureWrapper)[pri:0, instance:test.TestRunner@ee0c39c1]" name="feature" class="test.TestRunner"/>
      </group> <!-- cucumber -->
    </groups>
    <test name="Default test" duration-ms="68647" started-at="2020-07-19T16:51:15Z" finished-at="2020-07-19T16:52:23Z">
      <class name="test.TestRunner">
        <test-method status="PASS" signature="setUpClass()[pri:0, instance:test.TestRunner@ee0c39c1]" name="setUpClass" is-config="true" duration-ms="555" started-at="2020-07-19T22:21:15Z" finished-at="2020-07-19T22:21:15Z">
          <reporter-output>
          </reporter-output>
        </test-method> <!-- setUpClass -->
        <test-method status="PASS" signature="feature(cucumber.api.testng.CucumberFeatureWrapper)[pri:0, instance:test.TestRunner@ee0c39c1]" name="feature" duration-ms="35017" started-at="2020-07-19T22:21:16Z" description="Runs Cucumber Feature" data-provider="features" finished-at="2020-07-19T22:21:51Z">
          <params>
            <param index="0">
              <value>
                <![CDATA[This feature is to automate the elearning page]]>
              </value>
            </param>
          </params>
          <reporter-output>
          </reporter-output>
        </test-method> <!-- feature -->
        <test-method status="PASS" signature="feature(cucumber.api.testng.CucumberFeatureWrapper)[pri:0, instance:test.TestRunner@ee0c39c1]" name="feature" duration-ms="32377" started-at="2020-07-19T22:21:51Z" description="Runs Cucumber Feature" data-provider="features" finished-at="2020-07-19T22:22:23Z">
          <params>
            <param index="0">
              <value>
                <![CDATA[This feature is to automate the elearning page]]>
              </value>
            </param>
          </params>
          <reporter-output>
          </reporter-output>
        </test-method> <!-- feature -->
        <test-method status="PASS" signature="tearDownClass()[pri:0, instance:test.TestRunner@ee0c39c1]" name="tearDownClass" is-config="true" duration-ms="558" started-at="2020-07-19T22:22:23Z" finished-at="2020-07-19T22:22:23Z">
          <reporter-output>
          </reporter-output>
        </test-method> <!-- tearDownClass -->
      </class> <!-- test.TestRunner -->
    </test> <!-- Default test -->
  </suite> <!-- Default suite -->
</testng-results>
