<?xml version="1.0" encoding="UTF-8"?>
<testng-results skipped="0" failed="0" total="1" passed="1">
  <reporter-output>
  </reporter-output>
  <suite name="Default suite" duration-ms="84332" started-at="2020-07-15T14:26:41Z" finished-at="2020-07-15T14:28:05Z">
    <groups>
      <group name="cucumber">
        <method signature="TestRunner.feature(cucumber.api.testng.CucumberFeatureWrapper)[pri:0, instance:test.TestRunner@540deafd]" name="feature" class="test.TestRunner"/>
      </group> <!-- cucumber -->
    </groups>
    <test name="Default test" duration-ms="84332" started-at="2020-07-15T14:26:41Z" finished-at="2020-07-15T14:28:05Z">
      <class name="test.TestRunner">
        <test-method status="PASS" signature="setUpClass()[pri:0, instance:test.TestRunner@540deafd]" name="setUpClass" is-config="true" duration-ms="502" started-at="2020-07-15T19:56:41Z" finished-at="2020-07-15T19:56:42Z">
          <reporter-output>
          </reporter-output>
        </test-method> <!-- setUpClass -->
        <test-method status="PASS" signature="feature(cucumber.api.testng.CucumberFeatureWrapper)[pri:0, instance:test.TestRunner@540deafd]" name="feature" duration-ms="83299" started-at="2020-07-15T19:56:42Z" description="Runs Cucumber Feature" data-provider="features" finished-at="2020-07-15T19:58:05Z">
          <params>
            <param index="0">
              <value>
                <![CDATA[This feature is to automate the elearning page]]>
              </value>
            </param>
          </params>
          <reporter-output>
          </reporter-output>
        </test-method> <!-- feature -->
        <test-method status="PASS" signature="tearDownClass()[pri:0, instance:test.TestRunner@540deafd]" name="tearDownClass" is-config="true" duration-ms="432" started-at="2020-07-15T19:58:05Z" finished-at="2020-07-15T19:58:05Z">
          <reporter-output>
          </reporter-output>
        </test-method> <!-- tearDownClass -->
      </class> <!-- test.TestRunner -->
    </test> <!-- Default test -->
  </suite> <!-- Default suite -->
</testng-results>
